============================== Mace4 =================================
Mace4 (64) version 2017-11A (CIIRC), November 2017.
Process 234 was started by tudorcristea on DESKTOP-C94JCEA,
Sat Nov 25 12:00:41 2023
The command was "./mace4 -c -f Puzzles/heightPuzzle3.in".
============================== end of head ===========================

============================== INPUT =================================

% Reading from file Puzzles/heightPuzzle3.in

set(arithmetic).
    % set(arithmetic) -> clear(lnh).
    % set(arithmetic) -> assign(selection_order, 0).

    % Declaring Mace4 arithmetic parse types.
assign(domain_size,5).
    % assign(domain_size, 5) -> assign(start_size, 5).
    % assign(domain_size, 5) -> assign(end_size, 5).
assign(max_models,-1).

list(distinct).
[Joy,Cassie,Geoff,Val,Brian].
end_of_list.

formulas(assumptions).
shorter(x,y) <-> x < y.
taller(x,y) <-> x > y.
shorter(x,y) -> taller(y,x).
taller(x,y) -> shorter(y,x).
taller(Joy,Cassie).
taller(Joy,Brian) & taller(Brian,Cassie) & taller(Brian,Geoff).
shorter(Geoff,Val) & shorter(Val,Cassie).
end_of_list.

============================== end of input ==========================

============================== PROCESS NON-CLAUSAL FORMULAS ==========

% Formulas that are not ordinary clauses:
1 shorter(x,y) <-> x < y # label(non_clause).  [assumption].
2 taller(x,y) <-> x > y # label(non_clause).  [assumption].
3 shorter(x,y) -> taller(y,x) # label(non_clause).  [assumption].
4 taller(x,y) -> shorter(y,x) # label(non_clause).  [assumption].
5 taller(Joy,Brian) & taller(Brian,Cassie) & taller(Brian,Geoff) # label(non_clause).  [assumption].
6 shorter(Geoff,Val) & shorter(Val,Cassie) # label(non_clause).  [assumption].

============================== end of process non-clausal formulas ===

============================== CLAUSES FOR SEARCH ====================

formulas(mace4_clauses).
-shorter(x,y) | x < y.
shorter(x,y) | -(x < y).
-taller(x,y) | x > y.
taller(x,y) | -(x > y).
-shorter(x,y) | taller(y,x).
-taller(x,y) | shorter(y,x).
taller(Joy,Cassie).
taller(Joy,Brian).
taller(Brian,Cassie).
taller(Brian,Geoff).
shorter(Geoff,Val).
shorter(Val,Cassie).
Joy != Cassie.
Joy != Geoff.
Joy != Val.
Joy != Brian.
Cassie != Geoff.
Cassie != Val.
Cassie != Brian.
Geoff != Val.
Geoff != Brian.
Val != Brian.
end_of_list.

============================== end of clauses for search =============

% There are no natural numbers in the input.

============================== DOMAIN SIZE 5 =========================

============================== MODEL =================================

interpretation( 5, [number=1, seconds=0], [

        function(Brian, [ 3 ]),

        function(Cassie, [ 2 ]),

        function(Geoff, [ 0 ]),

        function(Joy, [ 4 ]),

        function(Val, [ 1 ]),

        relation(shorter(_,_), [
			   0, 1, 1, 1, 1,
			   0, 0, 1, 1, 1,
			   0, 0, 0, 1, 1,
			   0, 0, 0, 0, 1,
			   0, 0, 0, 0, 0 ]),

        relation(taller(_,_), [
			   0, 0, 0, 0, 0,
			   1, 0, 0, 0, 0,
			   1, 1, 0, 0, 0,
			   1, 1, 1, 0, 0,
			   1, 1, 1, 1, 0 ])
]).

============================== end of model ==========================

============================== STATISTICS ============================

For domain size 5.

Current CPU time: 0.00 seconds (total CPU time: 0.00 seconds).
Ground clauses: seen=166, kept=66.
Selections=4, assignments=20, propagations=66, current_models=1.
Rewrite_terms=135, rewrite_bools=103, indexes=0.
Rules_from_neg_clauses=16, cross_offs=69.

============================== end of statistics =====================

User_CPU=0.00, System_CPU=0.00, Wall_clock=0.

Exiting with 1 model.

Process 234 exit (all_models) Sat Nov 25 12:00:41 2023
The process finished Sat Nov 25 12:00:41 2023
